
> campusmate-frontend@1.0.0 start
> react-scripts start

node:internal/modules/cjs/loader:1386
  throw err;
  ^

Error: Cannot find module 'es-abstract/2024/ToString'
Require stack:
- /home/ec2-user/chatbot-project/frontend/node_modules/string.prototype.trim/implementation.js
- /home/ec2-user/chatbot-project/frontend/node_modules/string.prototype.trim/index.js
- /home/ec2-user/chatbot-project/frontend/node_modules/string.prototype.matchall/node_modules/es-abstract/2024/StringToNumber.js
- /home/ec2-user/chatbot-project/frontend/node_modules/string.prototype.matchall/node_modules/es-abstract/2024/ToNumber.js
- /home/ec2-user/chatbot-project/frontend/node_modules/string.prototype.matchall/node_modules/es-abstract/2024/ToIntegerOrInfinity.js
- /home/ec2-user/chatbot-project/frontend/node_modules/string.prototype.matchall/node_modules/es-abstract/2024/ToLength.js
- /home/ec2-user/chatbot-project/frontend/node_modules/string.prototype.matchall/node_modules/es-abstract/2024/CreateRegExpStringIterator.js
- /home/ec2-user/chatbot-project/frontend/node_modules/string.prototype.matchall/regexp-matchall.js
- /home/ec2-user/chatbot-project/frontend/node_modules/string.prototype.matchall/polyfill-regexp-matchall.js
- /home/ec2-user/chatbot-project/frontend/node_modules/string.prototype.matchall/implementation.js
- /home/ec2-user/chatbot-project/frontend/node_modules/string.prototype.matchall/index.js
- /home/ec2-user/chatbot-project/frontend/node_modules/@surma/rollup-plugin-off-main-thread/index.js
- /home/ec2-user/chatbot-project/frontend/node_modules/workbox-build/build/lib/bundle.js
- /home/ec2-user/chatbot-project/frontend/node_modules/workbox-webpack-plugin/build/generate-sw.js
- /home/ec2-user/chatbot-project/frontend/node_modules/workbox-webpack-plugin/build/index.js
- /home/ec2-user/chatbot-project/frontend/node_modules/react-scripts/config/webpack.config.js
- /home/ec2-user/chatbot-project/frontend/node_modules/react-scripts/scripts/start.js
    at Function._resolveFilename (node:internal/modules/cjs/loader:1383:15)
    at defaultResolveImpl (node:internal/modules/cjs/loader:1025:19)
    at resolveForCJSWithHooks (node:internal/modules/cjs/loader:1030:22)
    at Function._load (node:internal/modules/cjs/loader:1192:37)
    at TracingChannel.traceSync (node:diagnostics_channel:322:14)
    at wrapModuleLoad (node:internal/modules/cjs/loader:237:24)
    at Module.require (node:internal/modules/cjs/loader:1463:12)
    at require (node:internal/modules/helpers:147:16)
    at Object.<anonymous> (/home/ec2-user/chatbot-project/frontend/node_modules/string.prototype.trim/implementation.js:4:16)
    at Module._compile (node:internal/modules/cjs/loader:1706:14) {
  code: 'MODULE_NOT_FOUND',
  requireStack: [
    '/home/ec2-user/chatbot-project/frontend/node_modules/string.prototype.trim/implementation.js',
    '/home/ec2-user/chatbot-project/frontend/node_modules/string.prototype.trim/index.js',
    '/home/ec2-user/chatbot-project/frontend/node_modules/string.prototype.matchall/node_modules/es-abstract/2024/StringToNumber.js',
    '/home/ec2-user/chatbot-project/frontend/node_modules/string.prototype.matchall/node_modules/es-abstract/2024/ToNumber.js',
    '/home/ec2-user/chatbot-project/frontend/node_modules/string.prototype.matchall/node_modules/es-abstract/2024/ToIntegerOrInfinity.js',
    '/home/ec2-user/chatbot-project/frontend/node_modules/string.prototype.matchall/node_modules/es-abstract/2024/ToLength.js',
    '/home/ec2-user/chatbot-project/frontend/node_modules/string.prototype.matchall/node_modules/es-abstract/2024/CreateRegExpStringIterator.js',
    '/home/ec2-user/chatbot-project/frontend/node_modules/string.prototype.matchall/regexp-matchall.js',
    '/home/ec2-user/chatbot-project/frontend/node_modules/string.prototype.matchall/polyfill-regexp-matchall.js',
    '/home/ec2-user/chatbot-project/frontend/node_modules/string.prototype.matchall/implementation.js',
    '/home/ec2-user/chatbot-project/frontend/node_modules/string.prototype.matchall/index.js',
    '/home/ec2-user/chatbot-project/frontend/node_modules/@surma/rollup-plugin-off-main-thread/index.js',
    '/home/ec2-user/chatbot-project/frontend/node_modules/workbox-build/build/lib/bundle.js',
    '/home/ec2-user/chatbot-project/frontend/node_modules/workbox-webpack-plugin/build/generate-sw.js',
    '/home/ec2-user/chatbot-project/frontend/node_modules/workbox-webpack-plugin/build/index.js',
    '/home/ec2-user/chatbot-project/frontend/node_modules/react-scripts/config/webpack.config.js',
    '/home/ec2-user/chatbot-project/frontend/node_modules/react-scripts/scripts/start.js'
  ]
}

Node.js v22.20.0
